build/app/intermediates/manifest_merge_blame_file/debug/manifest-merger-blame-debug-report.txt
1<?xml version="1.0" encoding="utf-8"?>
2<manifest xmlns:android="http://schemas.android.com/apk/res/android"
3    package="com.int2.ecommerce_int2"
4    android:versionCode="2"
5    android:versionName="1.0.1" >
6
7    <uses-sdk
8        android:minSdkVersion="16"
9        android:targetSdkVersion="28" />
10    <!--
11         Flutter needs it to communicate with the running application
12         to allow setting breakpoints, to provide hot reload, etc.
13    -->
14    <uses-permission android:name="android.permission.INTERNET" />
14-->src/main/AndroidManifest.xml:9:5-67
14-->src/main/AndroidManifest.xml:9:22-64
15
16    <application
16-->src/main/AndroidManifest.xml:10:5-33:19
17        android:name="io.flutter.app.FlutterApplication"
17-->src/main/AndroidManifest.xml:11:9-57
18        android:appComponentFactory="androidx.core.app.CoreComponentFactory"
18-->[androidx.core:core:1.1.0] AndroidManifest.xml:24:18-86
19        android:debuggable="true"
20        android:icon="@mipmap/launcher_icon"
20-->src/main/AndroidManifest.xml:13:9-45
21        android:label="Shope" >
21-->src/main/AndroidManifest.xml:12:9-30
22        <activity
22-->src/main/AndroidManifest.xml:14:9-32:20
23            android:name="com.int2.ecommerce_int2.MainActivity"
23-->src/main/AndroidManifest.xml:15:13-41
24            android:configChanges="orientation|keyboardHidden|keyboard|screenSize|locale|layoutDirection|fontScale|screenLayout|density|uiMode"
24-->src/main/AndroidManifest.xml:18:13-144
25            android:hardwareAccelerated="true"
25-->src/main/AndroidManifest.xml:19:13-47
26            android:launchMode="singleTop"
26-->src/main/AndroidManifest.xml:16:13-43
27            android:theme="@style/LaunchTheme"
27-->src/main/AndroidManifest.xml:17:13-47
28            android:windowSoftInputMode="adjustResize" >
28-->src/main/AndroidManifest.xml:20:13-55
29
30            <!--
31                 This keeps the window background of the activity showing
32                 until Flutter renders its first frame. It can be removed if
33                 there is no splash screen (such as the default splash screen
34                 defined in @style/LaunchTheme).
35            -->
36            <meta-data
36-->src/main/AndroidManifest.xml:25:13-27:40
37                android:name="io.flutter.app.android.SplashScreenUntilFirstFrame"
37-->src/main/AndroidManifest.xml:26:17-82
38                android:value="true" />
38-->src/main/AndroidManifest.xml:27:17-37
39
40            <intent-filter>
40-->src/main/AndroidManifest.xml:28:13-31:29
41                <action android:name="android.intent.action.MAIN" />
41-->src/main/AndroidManifest.xml:29:17-68
41-->src/main/AndroidManifest.xml:29:25-66
42
43                <category android:name="android.intent.category.LAUNCHER" />
43-->src/main/AndroidManifest.xml:30:17-76
43-->src/main/AndroidManifest.xml:30:27-74
44            </intent-filter>
45        </activity>
46    </application>
47
48</manifest>